<?xml version="1.0" encoding="UTF-8"?>
<!-- Generated by org.testng.reporters.JUnitReportReporter -->
<testsuite hostname="DESKTOP-JEHQ6GV" failures="0" tests="6" name="login.SauceDemo_Login$SwagLabsTests" time="26.541" errors="0" timestamp="2024-01-25T15:54:38 IST" skipped="0">
  <testcase classname="login.SauceDemo_Login$SwagLabsTests" name="testLoginWithInvalidUsername" time="2.379"/>
  <system-out/>
  <testcase classname="login.SauceDemo_Login$SwagLabsTests" name="testLoginWithEmptyPassword" time="10.029"/>
  <system-out/>
  <testcase classname="login.SauceDemo_Login$SwagLabsTests" name="testLoginWithEmptyUsername" time="2.484"/>
  <system-out/>
  <testcase classname="login.SauceDemo_Login$SwagLabsTests" name="testLoginWithLockedAccount" time="2.560"/>
  <system-out/>
  <testcase classname="login.SauceDemo_Login$SwagLabsTests" name="testLoginWithValidCredentials" time="6.425"/>
  <system-out/>
  <testcase classname="login.SauceDemo_Login$SwagLabsTests" name="testLoginWithInvalidPassword" time="2.664"/>
  <system-out/>
</testsuite> <!-- login.SauceDemo_Login$SwagLabsTests -->
